<?xml version="1.0" encoding="UTF-8"?>
<!-- Generated by org.testng.reporters.JUnitReportReporter -->
<testsuite skipped="0" hostname="LAPTOP-09H8NLLL" name="hw1.SumTest" tests="10" failures="0" timestamp="2020-12-07T01:12:21 MSK" time="0.022" errors="0">
  <testcase name="dataProviderSumTest" time="0.000" classname="hw1.SumTest"/>
  <system-out/>
  <testcase name="dataProviderSumTest" time="0.000" classname="hw1.SumTest"/>
  <system-out/>
  <testcase name="dataProviderSumTest" time="0.000" classname="hw1.SumTest"/>
  <system-out/>
  <testcase name="dataProviderSumTest" time="0.000" classname="hw1.SumTest"/>
  <system-out/>
  <testcase name="dataProviderSumTest" time="0.022" classname="hw1.SumTest"/>
  <system-out/>
  <testcase name="dataProviderSumTest" time="0.000" classname="hw1.SumTest"/>
  <system-out/>
  <testcase name="dataProviderSumTest" time="0.000" classname="hw1.SumTest"/>
  <system-out/>
  <testcase name="dataProviderSumTest" time="0.000" classname="hw1.SumTest"/>
  <system-out/>
  <testcase name="dataProviderSumTest" time="0.000" classname="hw1.SumTest"/>
  <system-out/>
  <testcase name="dataProviderSumTest" time="0.000" classname="hw1.SumTest"/>
  <system-out/>
</testsuite> <!-- hw1.SumTest -->
