<?xml version="1.0" encoding="UTF-8"?>
<!-- Generated by org.testng.reporters.JUnitReportReporter -->
<testsuite skipped="0" hostname="LAPTOP-09H8NLLL" name="hw1.DivTest" tests="6" failures="0" timestamp="2020-12-07T01:12:21 MSK" time="0.011" errors="0">
  <testcase name="dataProviderDivTest" time="0.000" classname="hw1.DivTest"/>
  <system-out/>
  <testcase name="dataProviderDivTest" time="0.000" classname="hw1.DivTest"/>
  <system-out/>
  <testcase name="dataProviderDivTest" time="0.000" classname="hw1.DivTest"/>
  <system-out/>
  <testcase name="dataProviderDivTest" time="0.000" classname="hw1.DivTest"/>
  <system-out/>
  <testcase name="dataProviderDivTest" time="0.011" classname="hw1.DivTest"/>
  <system-out/>
  <testcase name="dataProviderDivTest" time="0.000" classname="hw1.DivTest"/>
  <system-out/>
</testsuite> <!-- hw1.DivTest -->
